<?xml version="1.0" encoding="UTF-8"?>
<!-- Generated by org.testng.reporters.JUnitXMLReporter -->
<testsuite ignored="0" hostname="LAIMUMLT9002" failures="0" tests="3" name="Default test" time="5.092" errors="0" timestamp="2024-02-21T19:27:37 IST">
  <testcase classname="com.qa.tests.BookAPIWithPojoTest" name="postAddBook" time="4.627"/>
  <testcase classname="com.qa.tests.BookAPIWithPojoTest" name="getBook" time="0.194"/>
  <testcase classname="com.qa.tests.BookAPIWithPojoTest" name="deleteBook" time="0.129"/>
</testsuite> <!-- Default test -->
