<?xml version="1.0" encoding="UTF-8"?>
<testng-results ignored="0" total="3" passed="3" failed="0" skipped="0">
  <reporter-output>
  </reporter-output>
  <suite started-at="2024-02-21T19:27:32 IST" name="Default suite" finished-at="2024-02-21T19:27:37 IST" duration-ms="5092">
    <groups>
    </groups>
    <test started-at="2024-02-21T19:27:32 IST" name="Default test" finished-at="2024-02-21T19:27:37 IST" duration-ms="5092">
      <class name="com.qa.tests.BookAPIWithPojoTest">
        <test-method is-config="true" signature="setUpData()[pri:0, instance:com.qa.tests.BookAPIWithPojoTest@5d534f5d]" started-at="2024-02-21T19:27:32 IST" name="setUpData" finished-at="2024-02-21T19:27:32 IST" duration-ms="26" status="PASS">
          <reporter-output>
          </reporter-output>
        </test-method> <!-- setUpData -->
        <test-method signature="postAddBook()[pri:1, instance:com.qa.tests.BookAPIWithPojoTest@5d534f5d]" started-at="2024-02-21T19:27:32 IST" name="postAddBook" finished-at="2024-02-21T19:27:37 IST" duration-ms="4627" status="PASS">
          <reporter-output>
          </reporter-output>
        </test-method> <!-- postAddBook -->
        <test-method signature="getBook()[pri:2, instance:com.qa.tests.BookAPIWithPojoTest@5d534f5d]" started-at="2024-02-21T19:27:37 IST" name="getBook" finished-at="2024-02-21T19:27:37 IST" duration-ms="194" status="PASS">
          <reporter-output>
          </reporter-output>
        </test-method> <!-- getBook -->
        <test-method signature="deleteBook()[pri:3, instance:com.qa.tests.BookAPIWithPojoTest@5d534f5d]" started-at="2024-02-21T19:27:37 IST" name="deleteBook" finished-at="2024-02-21T19:27:37 IST" duration-ms="129" status="PASS">
          <reporter-output>
          </reporter-output>
        </test-method> <!-- deleteBook -->
      </class> <!-- com.qa.tests.BookAPIWithPojoTest -->
    </test> <!-- Default test -->
  </suite> <!-- Default suite -->
</testng-results>
